<?xml version="1.0" encoding="UTF-8"?>
<Site BuildName="(empty)"
	BuildStamp="20200403-1338-Experimental"
	Name="mastap-UX305UA"
	Generator="ctest-3.10.2"
	CompilerName="/usr/bin/g++-7"
	CompilerVersion="7.5.0"
	OSName="Linux"
	Hostname="mastap-UX305UA"
	OSRelease="5.3.0-45-generic"
	OSVersion="#37~18.04.1-Ubuntu SMP Fri Mar 27 15:58:10 UTC 2020"
	OSPlatform="x86_64"
	Is64Bits="1"
	VendorString="GenuineIntel"
	VendorID="Intel Corporation"
	FamilyID="6"
	ModelID="78"
	ProcessorCacheSize="4096"
	NumberOfLogicalCPU="4"
	NumberOfPhysicalCPU="2"
	TotalVirtualMemory="2047"
	TotalPhysicalMemory="7861"
	LogicalProcessorsPerPhysical="2"
	ProcessorClockFrequency="2700"
	>
	<Testing>
		<StartDateTime>Apr 03 15:38 CEST</StartDateTime>
		<StartTestTime>1585921099</StartTestTime>
		<TestList/>
		<EndDateTime>Apr 03 15:38 CEST</EndDateTime>
		<EndTestTime>1585921099</EndTestTime>
		<ElapsedMinutes>0</ElapsedMinutes>
	</Testing>
</Site>
